<?xml version="1.0" encoding="UTF-8"?>
<testng-results ignored="0" total="1" passed="1" failed="0" skipped="0">
  <reporter-output>
  </reporter-output>
  <suite started-at="2022-02-12T10:09:10 IST" name="Default suite" finished-at="2022-02-12T10:09:17 IST" duration-ms="6855">
    <groups>
    </groups>
    <test started-at="2022-02-12T10:09:10 IST" name="Default test" finished-at="2022-02-12T10:09:17 IST" duration-ms="6855">
      <class name="practice_RestAssured.Create_Project_and_Allocate_USER">
        <test-method signature="Create_Project_and_Allocate_USER()[pri:0, instance:practice_RestAssured.Create_Project_and_Allocate_USER@cad498c]" started-at="2022-02-12T10:09:10 IST" name="Create_Project_and_Allocate_USER" finished-at="2022-02-12T10:09:17 IST" duration-ms="6763" status="PASS">
          <reporter-output>
          </reporter-output>
        </test-method> <!-- Create_Project_and_Allocate_USER -->
      </class> <!-- practice_RestAssured.Create_Project_and_Allocate_USER -->
    </test> <!-- Default test -->
  </suite> <!-- Default suite -->
</testng-results>
